0 info it worked if it ends with ok
1 verbose cli [ 'node', '/usr/local/bin/npm', 'install', '-g', 'coffee-script' ]
2 info using npm@2.7.4
3 info using node@v0.12.2
4 silly cache add args [ 'coffee-script', null ]
5 verbose cache add spec coffee-script
6 silly cache add parsed spec { raw: 'coffee-script',
6 silly cache add   scope: null,
6 silly cache add   name: 'coffee-script',
6 silly cache add   rawSpec: '',
6 silly cache add   spec: '*',
6 silly cache add   type: 'range' }
7 verbose addNamed coffee-script@*
8 silly addNamed semver.valid null
9 silly addNamed semver.validRange *
10 silly addNameRange { name: 'coffee-script', range: '*', hasData: false }
11 silly mapToRegistry name coffee-script
12 silly mapToRegistry using default registry
13 silly mapToRegistry registry https://registry.npmjs.org/
14 silly mapToRegistry uri https://registry.npmjs.org/coffee-script
15 verbose addNameRange registry:https://registry.npmjs.org/coffee-script not in flight; fetching
16 verbose request uri https://registry.npmjs.org/coffee-script
17 verbose request no auth needed
18 info attempt registry request try #1 at 9:56:08 PM
19 verbose request id b3e1faf4d9bb6fb0
20 verbose etag "57Q993F0E8E6VY1EGV1KEPTTM"
21 http request GET https://registry.npmjs.org/coffee-script
22 http 200 https://registry.npmjs.org/coffee-script
23 silly get cb [ 200,
23 silly get   { server: 'CouchDB/1.5.0 (Erlang OTP/R16B03)',
23 silly get     etag: '"CD5HM497ALVDADOZN3MBX9BL2"',
23 silly get     'content-type': 'application/json',
23 silly get     'cache-control': 'max-age=60',
23 silly get     'content-length': '41255',
23 silly get     'accept-ranges': 'bytes',
23 silly get     date: 'Wed, 09 Dec 2015 20:56:08 GMT',
23 silly get     via: '1.1 varnish',
23 silly get     age: '16',
23 silly get     connection: 'keep-alive',
23 silly get     'x-served-by': 'cache-lcy1125-LCY',
23 silly get     'x-cache': 'HIT',
23 silly get     'x-cache-hits': '1',
23 silly get     'x-timer': 'S1449694568.698025,VS0,VE0',
23 silly get     vary: 'Accept' } ]
24 verbose get saving coffee-script to /Users/jacekdalkowski/.npm/registry.npmjs.org/coffee-script/.cache.json
25 silly addNameRange number 2 { name: 'coffee-script', range: '*', hasData: true }
26 silly addNameRange versions [ 'coffee-script',
26 silly addNameRange   [ '0.7.0',
26 silly addNameRange     '0.7.1',
26 silly addNameRange     '0.7.2',
26 silly addNameRange     '0.9.0',
26 silly addNameRange     '0.9.1',
26 silly addNameRange     '0.9.2',
26 silly addNameRange     '0.9.3',
26 silly addNameRange     '0.9.4',
26 silly addNameRange     '0.9.5',
26 silly addNameRange     '0.9.6',
26 silly addNameRange     '1.0.0',
26 silly addNameRange     '1.0.1',
26 silly addNameRange     '1.1.0',
26 silly addNameRange     '1.1.1',
26 silly addNameRange     '1.1.2',
26 silly addNameRange     '1.1.3',
26 silly addNameRange     '1.2.0',
26 silly addNameRange     '1.3.0',
26 silly addNameRange     '1.3.1',
26 silly addNameRange     '1.3.2',
26 silly addNameRange     '1.3.3',
26 silly addNameRange     '1.4.0',
26 silly addNameRange     '1.5.0',
26 silly addNameRange     '1.6.0',
26 silly addNameRange     '1.6.1',
26 silly addNameRange     '1.6.2',
26 silly addNameRange     '1.6.3',
26 silly addNameRange     '1.7.0',
26 silly addNameRange     '1.7.1',
26 silly addNameRange     '1.8.0',
26 silly addNameRange     '1.9.0',
26 silly addNameRange     '1.9.1',
26 silly addNameRange     '1.9.2',
26 silly addNameRange     '1.9.3',
26 silly addNameRange     '1.10.0' ] ]
27 verbose addNamed coffee-script@1.10.0
28 silly addNamed semver.valid 1.10.0
29 silly addNamed semver.validRange 1.10.0
30 silly mapToRegistry name coffee-script
31 silly mapToRegistry using default registry
32 silly mapToRegistry registry https://registry.npmjs.org/
33 silly mapToRegistry uri https://registry.npmjs.org/coffee-script
34 verbose addRemoteTarball https://registry.npmjs.org/coffee-script/-/coffee-script-1.10.0.tgz not in flight; adding
35 verbose addRemoteTarball [ 'https://registry.npmjs.org/coffee-script/-/coffee-script-1.10.0.tgz',
35 verbose addRemoteTarball   '12938bcf9be1948fa006f92e0c4c9e81705108c0' ]
36 info retry fetch attempt 1 at 9:56:09 PM
37 info attempt registry request try #1 at 9:56:09 PM
38 http fetch GET https://registry.npmjs.org/coffee-script/-/coffee-script-1.10.0.tgz
39 http fetch 200 https://registry.npmjs.org/coffee-script/-/coffee-script-1.10.0.tgz
40 silly fetchAndShaCheck shasum 12938bcf9be1948fa006f92e0c4c9e81705108c0
41 verbose addTmpTarball /var/folders/r4/_lmxdwps5_31ggxw_2fpqsb40000gn/T/npm-22469-06824e28/registry.npmjs.org/coffee-script/-/coffee-script-1.10.0.tgz not in flight; adding
42 verbose addTmpTarball already have metadata; skipping unpack for coffee-script@1.10.0
43 silly cache afterAdd coffee-script@1.10.0
44 verbose afterAdd /Users/jacekdalkowski/.npm/coffee-script/1.10.0/package/package.json not in flight; writing
45 verbose afterAdd /Users/jacekdalkowski/.npm/coffee-script/1.10.0/package/package.json written
46 silly install resolved [ { name: 'coffee-script',
46 silly install resolved     description: 'Unfancy JavaScript',
46 silly install resolved     keywords: [ 'javascript', 'language', 'coffeescript', 'compiler' ],
46 silly install resolved     author: { name: 'Jeremy Ashkenas' },
46 silly install resolved     version: '1.10.0',
46 silly install resolved     license: 'MIT',
46 silly install resolved     engines: { node: '>=0.8.0' },
46 silly install resolved     directories: { lib: './lib/coffee-script' },
46 silly install resolved     main: './lib/coffee-script/coffee-script',
46 silly install resolved     bin: { coffee: './bin/coffee', cake: './bin/cake' },
46 silly install resolved     preferGlobal: true,
46 silly install resolved     scripts:
46 silly install resolved      { test: 'node ./bin/cake test',
46 silly install resolved        'test-harmony': 'node --harmony ./bin/cake test' },
46 silly install resolved     homepage: 'http://coffeescript.org',
46 silly install resolved     bugs: { url: 'https://github.com/jashkenas/coffeescript/issues' },
46 silly install resolved     repository:
46 silly install resolved      { type: 'git',
46 silly install resolved        url: 'git://github.com/jashkenas/coffeescript.git' },
46 silly install resolved     devDependencies:
46 silly install resolved      { 'uglify-js': '~2.2',
46 silly install resolved        jison: '>=0.2.0',
46 silly install resolved        'highlight.js': '~8.0.0',
46 silly install resolved        underscore: '~1.5.2',
46 silly install resolved        docco: '~0.7.0' },
46 silly install resolved     gitHead: 'f26d33d418dcdcfcc6ad3ab774d9cabbf7af659c',
46 silly install resolved     _id: 'coffee-script@1.10.0',
46 silly install resolved     _shasum: '12938bcf9be1948fa006f92e0c4c9e81705108c0',
46 silly install resolved     _from: 'coffee-script@*',
46 silly install resolved     _npmVersion: '1.4.28',
46 silly install resolved     _npmUser: { name: 'jashkenas', email: 'jashkenas@gmail.com' },
46 silly install resolved     maintainers: [ [Object], [Object] ],
46 silly install resolved     dist:
46 silly install resolved      { shasum: '12938bcf9be1948fa006f92e0c4c9e81705108c0',
46 silly install resolved        tarball: 'http://registry.npmjs.org/coffee-script/-/coffee-script-1.10.0.tgz' },
46 silly install resolved     _resolved: 'https://registry.npmjs.org/coffee-script/-/coffee-script-1.10.0.tgz' } ]
47 info install coffee-script@1.10.0 into /usr/local/lib
48 info installOne coffee-script@1.10.0
49 verbose installOne of coffee-script to /usr/local/lib not in flight; installing
50 verbose lock using /Users/jacekdalkowski/.npm/_locks/coffee-script-7b01d0c2a8e2b5ed.lock for /usr/local/lib/node_modules/coffee-script
51 silly install write writing coffee-script 1.10.0 to /usr/local/lib/node_modules/coffee-script
52 silly cache addNamed cb coffee-script@1.10.0
53 verbose unbuild lib/node_modules/coffee-script
54 silly gentlyRm /usr/local/lib/node_modules/coffee-script is being purged from base /usr/local
55 verbose gentlyRm don't care about contents; nuking /usr/local/lib/node_modules/coffee-script
56 verbose tar unpack /Users/jacekdalkowski/.npm/coffee-script/1.10.0/package.tgz
57 verbose tar unpacking to /usr/local/lib/node_modules/coffee-script
58 silly gentlyRm /usr/local/lib/node_modules/coffee-script is being purged
59 verbose gentlyRm don't care about contents; nuking /usr/local/lib/node_modules/coffee-script
60 silly gunzTarPerm modes [ '755', '644' ]
61 error tar.unpack untar error /Users/jacekdalkowski/.npm/coffee-script/1.10.0/package.tgz
62 verbose unlock done using /Users/jacekdalkowski/.npm/_locks/coffee-script-7b01d0c2a8e2b5ed.lock for /usr/local/lib/node_modules/coffee-script
63 verbose fstream_path /usr/local/lib/node_modules/coffee-script
64 verbose fstream_type Directory
65 verbose fstream_class DirWriter
66 verbose stack Error: EACCES, mkdir '/usr/local/lib/node_modules/coffee-script'
66 verbose stack     at Error (native)
67 verbose fstream_stack /usr/local/lib/node_modules/npm/node_modules/fstream/lib/dir-writer.js:36:23
67 verbose fstream_stack /usr/local/lib/node_modules/npm/node_modules/mkdirp/index.js:46:53
67 verbose fstream_stack FSReqWrap.oncomplete (fs.js:95:15)
68 verbose cwd /Users/jacekdalkowski/Dev/typescript
69 error Darwin 14.5.0
70 error argv "node" "/usr/local/bin/npm" "install" "-g" "coffee-script"
71 error node v0.12.2
72 error npm  v2.7.4
73 error path /usr/local/lib/node_modules/coffee-script
74 error code EACCES
75 error errno -13
76 error Error: EACCES, mkdir '/usr/local/lib/node_modules/coffee-script'
76 error     at Error (native)
76 error  { [Error: EACCES, mkdir '/usr/local/lib/node_modules/coffee-script']
76 error   errno: -13,
76 error   code: 'EACCES',
76 error   path: '/usr/local/lib/node_modules/coffee-script',
76 error   fstream_type: 'Directory',
76 error   fstream_path: '/usr/local/lib/node_modules/coffee-script',
76 error   fstream_class: 'DirWriter',
76 error   fstream_stack:
76 error    [ '/usr/local/lib/node_modules/npm/node_modules/fstream/lib/dir-writer.js:36:23',
76 error      '/usr/local/lib/node_modules/npm/node_modules/mkdirp/index.js:46:53',
76 error      'FSReqWrap.oncomplete (fs.js:95:15)' ] }
77 error Please try running this command again as root/Administrator.
78 verbose exit [ -13, true ]
79 verbose unbuild lib/node_modules/coffee-script
80 silly gentlyRm /usr/local/lib/node_modules/coffee-script is being purged from base /usr/local
81 verbose gentlyRm don't care about contents; nuking /usr/local/lib/node_modules/coffee-script
